<?xml version="1.0" encoding="UTF-8"?>
<!-- Generated by org.testng.reporters.JUnitReportReporter -->
<testsuite hostname="DESKTOP-FRV6B16" failures="0" tests="5" name="scripts.TestCase2Test" time="67.543" errors="0" timestamp="2023-02-04T23:34:41 IST" skipped="0">
  <testcase classname="scripts.TestCase2Test" name="demo2" time="0.018"/>
  <system-out>
    <![CDATA[TestCase2 Regression]]>
  </system-out>
  <testcase classname="scripts.TestCase2Test" name="demo1" time="0.098"/>
  <system-out>
    <![CDATA[TestCase2 Smoke]]>
  </system-out>
  <testcase classname="scripts.TestCase2Test" name="demo4" time="0.009"/>
  <system-out>
    <![CDATA[TestCase2 RegionalRegression]]>
  </system-out>
  <testcase classname="scripts.TestCase2Test" name="tc2" time="67.362"/>
  <system-out>
    <![CDATA[TestCase2 executed successfully]]>
  </system-out>
  <testcase classname="scripts.TestCase2Test" name="demo3" time="0.056"/>
  <system-out>
    <![CDATA[TestCase2 NoSmoke-NoRegression]]>
  </system-out>
</testsuite> <!-- scripts.TestCase2Test -->
