<?xml version="1.0" encoding="UTF-8"?>
<!-- Generated by org.testng.reporters.JUnitReportReporter -->
<testsuite hostname="DESKTOP-FRV6B16" failures="0" tests="5" name="scripts.TestCase1Test" time="48.095" errors="0" timestamp="2023-02-04T23:30:03 IST" skipped="0">
  <testcase classname="scripts.TestCase1Test" name="tc1" time="47.902"/>
  <system-out>
    <![CDATA[TestCase1 executed successfully]]>
  </system-out>
  <testcase classname="scripts.TestCase1Test" name="demo3" time="0.031"/>
  <system-out>
    <![CDATA[TestCase1 NoSmoke-NoRegression]]>
  </system-out>
  <testcase classname="scripts.TestCase1Test" name="demo1" time="0.110"/>
  <system-out>
    <![CDATA[TestCase1 Smoke]]>
  </system-out>
  <testcase classname="scripts.TestCase1Test" name="demo2" time="0.006"/>
  <system-out>
    <![CDATA[TestCase1 Regression]]>
  </system-out>
  <testcase classname="scripts.TestCase1Test" name="demo4" time="0.046"/>
  <system-out>
    <![CDATA[TestCase1 RegionalRegression]]>
  </system-out>
</testsuite> <!-- scripts.TestCase1Test -->
