<?xml version="1.0" encoding="UTF-8"?>
<!-- Generated by org.testng.reporters.JUnitReportReporter -->
<testsuite hostname="DESKTOP-FRV6B16" failures="0" tests="1" name="DemoTest.PracticeTest" time="212.868" errors="0" timestamp="2023-02-04T23:17:23 IST" skipped="0">
  <testcase classname="DemoTest.PracticeTest" name="openAppTest" time="212.868"/>
  <system-out/>
</testsuite> <!-- DemoTest.PracticeTest -->
