<?xml version="1.0" encoding="UTF-8"?>
<!-- Generated by org.testng.reporters.JUnitReportReporter -->
<testsuite hostname="DESKTOP-FRV6B16" failures="0" tests="5" name="scripts.TestCase3Test" time="42.535" errors="0" timestamp="2023-02-04T23:36:43 IST" skipped="0">
  <testcase classname="scripts.TestCase3Test" name="demo2" time="0.008"/>
  <system-out>
    <![CDATA[TestCase3 Regression]]>
  </system-out>
  <testcase classname="scripts.TestCase3Test" name="tc3" time="42.392"/>
  <system-out>
    <![CDATA[TestCase3 executed successfully]]>
  </system-out>
  <testcase classname="scripts.TestCase3Test" name="demo1" time="0.098"/>
  <system-out>
    <![CDATA[TestCase3 Smoke]]>
  </system-out>
  <testcase classname="scripts.TestCase3Test" name="demo4" time="0.022"/>
  <system-out>
    <![CDATA[TestCase3 RegionalRegression]]>
  </system-out>
  <testcase classname="scripts.TestCase3Test" name="demo3" time="0.015"/>
  <system-out>
    <![CDATA[TestCase3 NoSmoke-NoRegression]]>
  </system-out>
</testsuite> <!-- scripts.TestCase3Test -->
